icon-192.png:1  GET https://durdle.flowency.build/icon-192.png 404 (Not Found)
COO-Status:1 Error while trying to use the following icon from the Manifest: https://durdle.flowency.build/icon-192.png (Download error or resource isn't a valid image)
COO-Status:1 Access to fetch at 'https://qcfd5p4514.execute-api.eu-west-2.amazonaws.com/dev/admin/documents/COO-Status/comments' from origin 'https://durdle.flowency.build' has been blocked by CORS policy: No 'Access-Control-Allow-Origin' header is present on the requested resource.
page-bce455e855fa9c04.js:1  GET https://qcfd5p4514.execute-api.eu-west-2.amazonaws.com/dev/admin/documents/COO-Status/comments net::ERR_FAILED 502 (Bad Gateway)
(anonymous) @ page-bce455e855fa9c04.js:1
(anonymous) @ page-bce455e855fa9c04.js:1
aW @ fd9d1056-38128a002affdd4e.js:1
oe @ fd9d1056-38128a002affdd4e.js:1
ol @ fd9d1056-38128a002affdd4e.js:1
or @ fd9d1056-38128a002affdd4e.js:1
ol @ fd9d1056-38128a002affdd4e.js:1
or @ fd9d1056-38128a002affdd4e.js:1
ol @ fd9d1056-38128a002affdd4e.js:1
or @ fd9d1056-38128a002affdd4e.js:1
ol @ fd9d1056-38128a002affdd4e.js:1
or @ fd9d1056-38128a002affdd4e.js:1
ol @ fd9d1056-38128a002affdd4e.js:1
or @ fd9d1056-38128a002affdd4e.js:1
ol @ fd9d1056-38128a002affdd4e.js:1
or @ fd9d1056-38128a002affdd4e.js:1
ol @ fd9d1056-38128a002affdd4e.js:1
or @ fd9d1056-38128a002affdd4e.js:1
ol @ fd9d1056-38128a002affdd4e.js:1
or @ fd9d1056-38128a002affdd4e.js:1
ol @ fd9d1056-38128a002affdd4e.js:1
or @ fd9d1056-38128a002affdd4e.js:1
ol @ fd9d1056-38128a002affdd4e.js:1
or @ fd9d1056-38128a002affdd4e.js:1
ol @ fd9d1056-38128a002affdd4e.js:1
or @ fd9d1056-38128a002affdd4e.js:1
ol @ fd9d1056-38128a002affdd4e.js:1
or @ fd9d1056-38128a002affdd4e.js:1
ol @ fd9d1056-38128a002affdd4e.js:1
or @ fd9d1056-38128a002affdd4e.js:1
ol @ fd9d1056-38128a002affdd4e.js:1
or @ fd9d1056-38128a002affdd4e.js:1
ol @ fd9d1056-38128a002affdd4e.js:1
or @ fd9d1056-38128a002affdd4e.js:1
ol @ fd9d1056-38128a002affdd4e.js:1
or @ fd9d1056-38128a002affdd4e.js:1
ol @ fd9d1056-38128a002affdd4e.js:1
or @ fd9d1056-38128a002affdd4e.js:1
ol @ fd9d1056-38128a002affdd4e.js:1
or @ fd9d1056-38128a002affdd4e.js:1
ol @ fd9d1056-38128a002affdd4e.js:1
or @ fd9d1056-38128a002affdd4e.js:1
ol @ fd9d1056-38128a002affdd4e.js:1
or @ fd9d1056-38128a002affdd4e.js:1
ol @ fd9d1056-38128a002affdd4e.js:1
or @ fd9d1056-38128a002affdd4e.js:1
ol @ fd9d1056-38128a002affdd4e.js:1
or @ fd9d1056-38128a002affdd4e.js:1
ol @ fd9d1056-38128a002affdd4e.js:1
or @ fd9d1056-38128a002affdd4e.js:1
ol @ fd9d1056-38128a002affdd4e.js:1
or @ fd9d1056-38128a002affdd4e.js:1
ol @ fd9d1056-38128a002affdd4e.js:1
or @ fd9d1056-38128a002affdd4e.js:1
ol @ fd9d1056-38128a002affdd4e.js:1
or @ fd9d1056-38128a002affdd4e.js:1
ol @ fd9d1056-38128a002affdd4e.js:1
or @ fd9d1056-38128a002affdd4e.js:1
ol @ fd9d1056-38128a002affdd4e.js:1
or @ fd9d1056-38128a002affdd4e.js:1
ol @ fd9d1056-38128a002affdd4e.js:1
or @ fd9d1056-38128a002affdd4e.js:1
ol @ fd9d1056-38128a002affdd4e.js:1
or @ fd9d1056-38128a002affdd4e.js:1
ol @ fd9d1056-38128a002affdd4e.js:1
or @ fd9d1056-38128a002affdd4e.js:1
ol @ fd9d1056-38128a002affdd4e.js:1
or @ fd9d1056-38128a002affdd4e.js:1
ol @ fd9d1056-38128a002affdd4e.js:1
or @ fd9d1056-38128a002affdd4e.js:1
ol @ fd9d1056-38128a002affdd4e.js:1
or @ fd9d1056-38128a002affdd4e.js:1
ol @ fd9d1056-38128a002affdd4e.js:1
or @ fd9d1056-38128a002affdd4e.js:1
ol @ fd9d1056-38128a002affdd4e.js:1
or @ fd9d1056-38128a002affdd4e.js:1
ol @ fd9d1056-38128a002affdd4e.js:1
or @ fd9d1056-38128a002affdd4e.js:1
ol @ fd9d1056-38128a002affdd4e.js:1
or @ fd9d1056-38128a002affdd4e.js:1
ol @ fd9d1056-38128a002affdd4e.js:1
or @ fd9d1056-38128a002affdd4e.js:1
ol @ fd9d1056-38128a002affdd4e.js:1
or @ fd9d1056-38128a002affdd4e.js:1
ol @ fd9d1056-38128a002affdd4e.js:1
or @ fd9d1056-38128a002affdd4e.js:1
ol @ fd9d1056-38128a002affdd4e.js:1
or @ fd9d1056-38128a002affdd4e.js:1
ol @ fd9d1056-38128a002affdd4e.js:1
or @ fd9d1056-38128a002affdd4e.js:1
ol @ fd9d1056-38128a002affdd4e.js:1
or @ fd9d1056-38128a002affdd4e.js:1
ol @ fd9d1056-38128a002affdd4e.js:1
or @ fd9d1056-38128a002affdd4e.js:1
ol @ fd9d1056-38128a002affdd4e.js:1
or @ fd9d1056-38128a002affdd4e.js:1
ol @ fd9d1056-38128a002affdd4e.js:1
or @ fd9d1056-38128a002affdd4e.js:1
ol @ fd9d1056-38128a002affdd4e.js:1
or @ fd9d1056-38128a002affdd4e.js:1
ol @ fd9d1056-38128a002affdd4e.js:1
or @ fd9d1056-38128a002affdd4e.js:1
ol @ fd9d1056-38128a002affdd4e.js:1
or @ fd9d1056-38128a002affdd4e.js:1
ol @ fd9d1056-38128a002affdd4e.js:1
or @ fd9d1056-38128a002affdd4e.js:1
ol @ fd9d1056-38128a002affdd4e.js:1
or @ fd9d1056-38128a002affdd4e.js:1
ol @ fd9d1056-38128a002affdd4e.js:1
or @ fd9d1056-38128a002affdd4e.js:1
ol @ fd9d1056-38128a002affdd4e.js:1
or @ fd9d1056-38128a002affdd4e.js:1
ol @ fd9d1056-38128a002affdd4e.js:1
or @ fd9d1056-38128a002affdd4e.js:1
ol @ fd9d1056-38128a002affdd4e.js:1
or @ fd9d1056-38128a002affdd4e.js:1
ol @ fd9d1056-38128a002affdd4e.js:1
or @ fd9d1056-38128a002affdd4e.js:1
ol @ fd9d1056-38128a002affdd4e.js:1
or @ fd9d1056-38128a002affdd4e.js:1
ol @ fd9d1056-38128a002affdd4e.js:1
or @ fd9d1056-38128a002affdd4e.js:1
ol @ fd9d1056-38128a002affdd4e.js:1
or @ fd9d1056-38128a002affdd4e.js:1
ol @ fd9d1056-38128a002affdd4e.js:1
or @ fd9d1056-38128a002affdd4e.js:1
ol @ fd9d1056-38128a002affdd4e.js:1
or @ fd9d1056-38128a002affdd4e.js:1
ol @ fd9d1056-38128a002affdd4e.js:1
or @ fd9d1056-38128a002affdd4e.js:1
ol @ fd9d1056-38128a002affdd4e.js:1
or @ fd9d1056-38128a002affdd4e.js:1
ol @ fd9d1056-38128a002affdd4e.js:1
or @ fd9d1056-38128a002affdd4e.js:1
ol @ fd9d1056-38128a002affdd4e.js:1
or @ fd9d1056-38128a002affdd4e.js:1
ol @ fd9d1056-38128a002affdd4e.js:1
or @ fd9d1056-38128a002affdd4e.js:1
ol @ fd9d1056-38128a002affdd4e.js:1
or @ fd9d1056-38128a002affdd4e.js:1
ol @ fd9d1056-38128a002affdd4e.js:1
or @ fd9d1056-38128a002affdd4e.js:1
ol @ fd9d1056-38128a002affdd4e.js:1
or @ fd9d1056-38128a002affdd4e.js:1
ol @ fd9d1056-38128a002affdd4e.js:1
or @ fd9d1056-38128a002affdd4e.js:1
ol @ fd9d1056-38128a002affdd4e.js:1
or @ fd9d1056-38128a002affdd4e.js:1
ol @ fd9d1056-38128a002affdd4e.js:1
or @ fd9d1056-38128a002affdd4e.js:1
ol @ fd9d1056-38128a002affdd4e.js:1
or @ fd9d1056-38128a002affdd4e.js:1
ol @ fd9d1056-38128a002affdd4e.js:1
or @ fd9d1056-38128a002affdd4e.js:1
ol @ fd9d1056-38128a002affdd4e.js:1
or @ fd9d1056-38128a002affdd4e.js:1
ol @ fd9d1056-38128a002affdd4e.js:1
or @ fd9d1056-38128a002affdd4e.js:1
ol @ fd9d1056-38128a002affdd4e.js:1
or @ fd9d1056-38128a002affdd4e.js:1
ol @ fd9d1056-38128a002affdd4e.js:1
id @ fd9d1056-38128a002affdd4e.js:1
o @ fd9d1056-38128a002affdd4e.js:1
M @ 117-b207ec33ca9f2c0f.js:1
117-b207ec33ca9f2c0f.js:1 Error fetching comments: TypeError: Failed to fetch
    at page-bce455e855fa9c04.js:1:1775
    at page-bce455e855fa9c04.js:1:2065
    at aW (fd9d1056-38128a002affdd4e.js:1:73243)
    at oe (fd9d1056-38128a002affdd4e.js:1:84684)
    at ol (fd9d1056-38128a002affdd4e.js:1:85322)
    at or (fd9d1056-38128a002affdd4e.js:1:85206)
    at ol (fd9d1056-38128a002affdd4e.js:1:85302)
    at or (fd9d1056-38128a002affdd4e.js:1:85206)
    at ol (fd9d1056-38128a002affdd4e.js:1:86267)
    at or (fd9d1056-38128a002affdd4e.js:1:85206)
window.console.error @ 117-b207ec33ca9f2c0f.js:1
(anonymous) @ page-bce455e855fa9c04.js:1
await in (anonymous)
(anonymous) @ page-bce455e855fa9c04.js:1
aW @ fd9d1056-38128a002affdd4e.js:1
oe @ fd9d1056-38128a002affdd4e.js:1
ol @ fd9d1056-38128a002affdd4e.js:1
or @ fd9d1056-38128a002affdd4e.js:1
ol @ fd9d1056-38128a002affdd4e.js:1
or @ fd9d1056-38128a002affdd4e.js:1
ol @ fd9d1056-38128a002affdd4e.js:1
or @ fd9d1056-38128a002affdd4e.js:1
ol @ fd9d1056-38128a002affdd4e.js:1
or @ fd9d1056-38128a002affdd4e.js:1
ol @ fd9d1056-38128a002affdd4e.js:1
or @ fd9d1056-38128a002affdd4e.js:1
ol @ fd9d1056-38128a002affdd4e.js:1
or @ fd9d1056-38128a002affdd4e.js:1
ol @ fd9d1056-38128a002affdd4e.js:1
or @ fd9d1056-38128a002affdd4e.js:1
ol @ fd9d1056-38128a002affdd4e.js:1
or @ fd9d1056-38128a002affdd4e.js:1
ol @ fd9d1056-38128a002affdd4e.js:1
or @ fd9d1056-38128a002affdd4e.js:1
ol @ fd9d1056-38128a002affdd4e.js:1
or @ fd9d1056-38128a002affdd4e.js:1
ol @ fd9d1056-38128a002affdd4e.js:1
or @ fd9d1056-38128a002affdd4e.js:1
ol @ fd9d1056-38128a002affdd4e.js:1
or @ fd9d1056-38128a002affdd4e.js:1
ol @ fd9d1056-38128a002affdd4e.js:1
or @ fd9d1056-38128a002affdd4e.js:1
ol @ fd9d1056-38128a002affdd4e.js:1
or @ fd9d1056-38128a002affdd4e.js:1
ol @ fd9d1056-38128a002affdd4e.js:1
or @ fd9d1056-38128a002affdd4e.js:1
ol @ fd9d1056-38128a002affdd4e.js:1
or @ fd9d1056-38128a002affdd4e.js:1
ol @ fd9d1056-38128a002affdd4e.js:1
or @ fd9d1056-38128a002affdd4e.js:1
ol @ fd9d1056-38128a002affdd4e.js:1
or @ fd9d1056-38128a002affdd4e.js:1
ol @ fd9d1056-38128a002affdd4e.js:1
or @ fd9d1056-38128a002affdd4e.js:1
ol @ fd9d1056-38128a002affdd4e.js:1
or @ fd9d1056-38128a002affdd4e.js:1
ol @ fd9d1056-38128a002affdd4e.js:1
or @ fd9d1056-38128a002affdd4e.js:1
ol @ fd9d1056-38128a002affdd4e.js:1
or @ fd9d1056-38128a002affdd4e.js:1
ol @ fd9d1056-38128a002affdd4e.js:1
or @ fd9d1056-38128a002affdd4e.js:1
ol @ fd9d1056-38128a002affdd4e.js:1
or @ fd9d1056-38128a002affdd4e.js:1
ol @ fd9d1056-38128a002affdd4e.js:1
or @ fd9d1056-38128a002affdd4e.js:1
ol @ fd9d1056-38128a002affdd4e.js:1
or @ fd9d1056-38128a002affdd4e.js:1
ol @ fd9d1056-38128a002affdd4e.js:1
or @ fd9d1056-38128a002affdd4e.js:1
ol @ fd9d1056-38128a002affdd4e.js:1
or @ fd9d1056-38128a002affdd4e.js:1
ol @ fd9d1056-38128a002affdd4e.js:1
or @ fd9d1056-38128a002affdd4e.js:1
ol @ fd9d1056-38128a002affdd4e.js:1
or @ fd9d1056-38128a002affdd4e.js:1
ol @ fd9d1056-38128a002affdd4e.js:1
or @ fd9d1056-38128a002affdd4e.js:1
ol @ fd9d1056-38128a002affdd4e.js:1
or @ fd9d1056-38128a002affdd4e.js:1
ol @ fd9d1056-38128a002affdd4e.js:1
or @ fd9d1056-38128a002affdd4e.js:1
ol @ fd9d1056-38128a002affdd4e.js:1
or @ fd9d1056-38128a002affdd4e.js:1
ol @ fd9d1056-38128a002affdd4e.js:1
or @ fd9d1056-38128a002affdd4e.js:1
ol @ fd9d1056-38128a002affdd4e.js:1
or @ fd9d1056-38128a002affdd4e.js:1
ol @ fd9d1056-38128a002affdd4e.js:1
or @ fd9d1056-38128a002affdd4e.js:1
ol @ fd9d1056-38128a002affdd4e.js:1
or @ fd9d1056-38128a002affdd4e.js:1
ol @ fd9d1056-38128a002affdd4e.js:1
or @ fd9d1056-38128a002affdd4e.js:1
ol @ fd9d1056-38128a002affdd4e.js:1
or @ fd9d1056-38128a002affdd4e.js:1
ol @ fd9d1056-38128a002affdd4e.js:1
or @ fd9d1056-38128a002affdd4e.js:1
ol @ fd9d1056-38128a002affdd4e.js:1
or @ fd9d1056-38128a002affdd4e.js:1
ol @ fd9d1056-38128a002affdd4e.js:1
or @ fd9d1056-38128a002affdd4e.js:1
ol @ fd9d1056-38128a002affdd4e.js:1
or @ fd9d1056-38128a002affdd4e.js:1
ol @ fd9d1056-38128a002affdd4e.js:1
or @ fd9d1056-38128a002affdd4e.js:1
ol @ fd9d1056-38128a002affdd4e.js:1
or @ fd9d1056-38128a002affdd4e.js:1
ol @ fd9d1056-38128a002affdd4e.js:1
or @ fd9d1056-38128a002affdd4e.js:1
ol @ fd9d1056-38128a002affdd4e.js:1
or @ fd9d1056-38128a002affdd4e.js:1
ol @ fd9d1056-38128a002affdd4e.js:1
or @ fd9d1056-38128a002affdd4e.js:1
ol @ fd9d1056-38128a002affdd4e.js:1
or @ fd9d1056-38128a002affdd4e.js:1
ol @ fd9d1056-38128a002affdd4e.js:1
or @ fd9d1056-38128a002affdd4e.js:1
ol @ fd9d1056-38128a002affdd4e.js:1
or @ fd9d1056-38128a002affdd4e.js:1
ol @ fd9d1056-38128a002affdd4e.js:1
or @ fd9d1056-38128a002affdd4e.js:1
ol @ fd9d1056-38128a002affdd4e.js:1
or @ fd9d1056-38128a002affdd4e.js:1
ol @ fd9d1056-38128a002affdd4e.js:1
or @ fd9d1056-38128a002affdd4e.js:1
ol @ fd9d1056-38128a002affdd4e.js:1
or @ fd9d1056-38128a002affdd4e.js:1
ol @ fd9d1056-38128a002affdd4e.js:1
or @ fd9d1056-38128a002affdd4e.js:1
ol @ fd9d1056-38128a002affdd4e.js:1
or @ fd9d1056-38128a002affdd4e.js:1
ol @ fd9d1056-38128a002affdd4e.js:1
or @ fd9d1056-38128a002affdd4e.js:1
ol @ fd9d1056-38128a002affdd4e.js:1
or @ fd9d1056-38128a002affdd4e.js:1
ol @ fd9d1056-38128a002affdd4e.js:1
or @ fd9d1056-38128a002affdd4e.js:1
ol @ fd9d1056-38128a002affdd4e.js:1
or @ fd9d1056-38128a002affdd4e.js:1
ol @ fd9d1056-38128a002affdd4e.js:1
or @ fd9d1056-38128a002affdd4e.js:1
ol @ fd9d1056-38128a002affdd4e.js:1
or @ fd9d1056-38128a002affdd4e.js:1
ol @ fd9d1056-38128a002affdd4e.js:1
or @ fd9d1056-38128a002affdd4e.js:1
ol @ fd9d1056-38128a002affdd4e.js:1
or @ fd9d1056-38128a002affdd4e.js:1
ol @ fd9d1056-38128a002affdd4e.js:1
or @ fd9d1056-38128a002affdd4e.js:1
ol @ fd9d1056-38128a002affdd4e.js:1
or @ fd9d1056-38128a002affdd4e.js:1
ol @ fd9d1056-38128a002affdd4e.js:1
or @ fd9d1056-38128a002affdd4e.js:1
ol @ fd9d1056-38128a002affdd4e.js:1
or @ fd9d1056-38128a002affdd4e.js:1
ol @ fd9d1056-38128a002affdd4e.js:1
or @ fd9d1056-38128a002affdd4e.js:1
ol @ fd9d1056-38128a002affdd4e.js:1
or @ fd9d1056-38128a002affdd4e.js:1
ol @ fd9d1056-38128a002affdd4e.js:1
or @ fd9d1056-38128a002affdd4e.js:1
ol @ fd9d1056-38128a002affdd4e.js:1
or @ fd9d1056-38128a002affdd4e.js:1
ol @ fd9d1056-38128a002affdd4e.js:1
or @ fd9d1056-38128a002affdd4e.js:1
ol @ fd9d1056-38128a002affdd4e.js:1
or @ fd9d1056-38128a002affdd4e.js:1
ol @ fd9d1056-38128a002affdd4e.js:1
or @ fd9d1056-38128a002affdd4e.js:1
ol @ fd9d1056-38128a002affdd4e.js:1
or @ fd9d1056-38128a002affdd4e.js:1
ol @ fd9d1056-38128a002affdd4e.js:1
id @ fd9d1056-38128a002affdd4e.js:1
o @ fd9d1056-38128a002affdd4e.js:1
M @ 117-b207ec33ca9f2c0f.js:1
